2019-09-19 17:17:11,543|kbqa.py[line:46]|<module>|INFO|毕业院校 0.99941075
父亲 0.031526353
丈夫 0.020527115
职业 0.011591055
国籍 0.0021885962
姓名 0.0020378402
中文名 0.0002452453
别名 0.00020714034
2019-09-19 17:17:11,543|kbqa.py[line:46]|<module>|INFO|毕业院校 0.99941075
父亲 0.031526353
丈夫 0.020527115
职业 0.011591055
国籍 0.0021885962
姓名 0.0020378402
中文名 0.0002452453
别名 0.00020714034
2019-09-20 10:29:07,306|kbqa.py[line:51]|<module>|INFO|类型 0.00050361507
上映时间 0.00045706797
外文名 0.00020905504
片长 0.00020316278
制片人 0.00018450657
中文名 0.00018446487
主演 0.00018091076
imdb编码 0.00018078988
导演 0.00017841908
别名 0.00017066159
2019-09-20 10:29:07,306|kbqa.py[line:51]|<module>|INFO|类型 0.00050361507
上映时间 0.00045706797
外文名 0.00020905504
片长 0.00020316278
制片人 0.00018450657
中文名 0.00018446487
主演 0.00018091076
imdb编码 0.00018078988
导演 0.00017841908
别名 0.00017066159
2019-09-20 10:34:54,819|kbqa.py[line:51]|<module>|INFO|身高 0.99359435
登录身高 0.9573191
体重 0.60461545
单节最高分 0.14882813
单场最高得分 0.034205496
登录体重 0.00237097
妻子 0.0014686399
运动状态 0.00090636883
职业 0.0005103693
性别 0.000501641
类型 0.00049792463
效力俱乐部 0.00048679704
得分后卫 0.0004729552
主要事件 0.00044495493
出生日期 0.0004285931
血型 0.00042284085
出生年月 0.0004203117
单节罚球命中 0.00041304334
单节罚球最多 0.00040850785
主要事迹 0.00040096737
主要成就 0.00040043987
职业生涯 0.0003953982
参加圣诞大战 0.00038873983
片长 0.00038471015
单场三分记录 0.00036982205
所属运动队 0.0003691792
洛杉矶湖人(1996-) 0.00036827195
应用平台 0.00034674315
场上位置 0.00034223028
球衣号码 0.00034153461
运动项目 0.00032028576
NBA总冠军：2000、2001、2002、2009、2010NBA总决赛MVP：2009、2010NBA年度MVP：2008入选NBA明星赛：1998、2000-2014NBA明星赛MVP：2002、2007、2009、2011NBA常规赛得分王：2006、2007NBA年度第一队：2002-2004、2006-2013NBA年度第二队：2000、2001NBA年度第三队：1999、2005NBA防守第一队：2000、2003-2004、2006-2011NBA防守第二队：2001、2002、2012NBA新秀第二队：1997ESPY奖NBA年度最佳球员：2008、2010NBA扣篮大赛冠军：1997美洲篮球锦标赛金牌：2007奥运会金牌：2008、2012年度洛城最佳运动员:200832次NBA单周最佳球员17次NBA单月最佳球员奈史密斯高中篮坛最佳球员：1996 0.00030244872
星座 0.00029769127
所在篮球队 0.00029646262
制片地区 0.00027983933
个人荣誉 0.00027536807
imdb编码 0.00025488535
外文名 0.0002540471
外文名 0.0002540471
出生地 0.00025349908
其它译名 0.0002471273
NBA选秀 0.00024683413
专业 0.00024650063
戒指 0.0002448292
上映时间 0.00024265054
导演 0.00023662082
个人资料 0.00023358775
应用版本 0.0002325327
英文名 0.00022935688
出品时间 0.00022408988
应用名称 0.00021227846
对白语言 0.00020925105
中文名 0.00020822727
中文名 0.00020822727
色彩 0.00020756619
主演 0.00020751475
毕业院校 0.00020733199
国籍 0.0002065865
出品公司 0.00019949542
别名 0.00018283549
别名 0.00018283549
别名 0.00018283549
主要奖项 0.00018267603
民族 0.00017409572
2019-09-20 10:34:54,819|kbqa.py[line:51]|<module>|INFO|身高 0.99359435
登录身高 0.9573191
体重 0.60461545
单节最高分 0.14882813
单场最高得分 0.034205496
登录体重 0.00237097
妻子 0.0014686399
运动状态 0.00090636883
职业 0.0005103693
性别 0.000501641
类型 0.00049792463
效力俱乐部 0.00048679704
得分后卫 0.0004729552
主要事件 0.00044495493
出生日期 0.0004285931
血型 0.00042284085
出生年月 0.0004203117
单节罚球命中 0.00041304334
单节罚球最多 0.00040850785
主要事迹 0.00040096737
主要成就 0.00040043987
职业生涯 0.0003953982
参加圣诞大战 0.00038873983
片长 0.00038471015
单场三分记录 0.00036982205
所属运动队 0.0003691792
洛杉矶湖人(1996-) 0.00036827195
应用平台 0.00034674315
场上位置 0.00034223028
球衣号码 0.00034153461
运动项目 0.00032028576
NBA总冠军：2000、2001、2002、2009、2010NBA总决赛MVP：2009、2010NBA年度MVP：2008入选NBA明星赛：1998、2000-2014NBA明星赛MVP：2002、2007、2009、2011NBA常规赛得分王：2006、2007NBA年度第一队：2002-2004、2006-2013NBA年度第二队：2000、2001NBA年度第三队：1999、2005NBA防守第一队：2000、2003-2004、2006-2011NBA防守第二队：2001、2002、2012NBA新秀第二队：1997ESPY奖NBA年度最佳球员：2008、2010NBA扣篮大赛冠军：1997美洲篮球锦标赛金牌：2007奥运会金牌：2008、2012年度洛城最佳运动员:200832次NBA单周最佳球员17次NBA单月最佳球员奈史密斯高中篮坛最佳球员：1996 0.00030244872
星座 0.00029769127
所在篮球队 0.00029646262
制片地区 0.00027983933
个人荣誉 0.00027536807
imdb编码 0.00025488535
外文名 0.0002540471
外文名 0.0002540471
出生地 0.00025349908
其它译名 0.0002471273
NBA选秀 0.00024683413
专业 0.00024650063
戒指 0.0002448292
上映时间 0.00024265054
导演 0.00023662082
个人资料 0.00023358775
应用版本 0.0002325327
英文名 0.00022935688
出品时间 0.00022408988
应用名称 0.00021227846
对白语言 0.00020925105
中文名 0.00020822727
中文名 0.00020822727
色彩 0.00020756619
主演 0.00020751475
毕业院校 0.00020733199
国籍 0.0002065865
出品公司 0.00019949542
别名 0.00018283549
别名 0.00018283549
别名 0.00018283549
主要奖项 0.00018267603
民族 0.00017409572
2019-09-20 10:41:47,080|kbqa.py[line:51]|<module>|INFO|身高 0.99359435
登录身高 0.9573191
体重 0.60461545
单节最高分 0.14882813
单场最高得分 0.034205496
登录体重 0.00237097
妻子 0.0014686399
运动状态 0.00090636883
职业 0.0005103693
性别 0.000501641
类型 0.00049792463
效力俱乐部 0.00048679704
得分后卫 0.0004729552
主要事件 0.00044495493
出生日期 0.0004285931
血型 0.00042284085
出生年月 0.0004203117
单节罚球命中 0.00041304334
单节罚球最多 0.00040850785
主要事迹 0.00040096737
主要成就 0.00040043987
职业生涯 0.0003953982
参加圣诞大战 0.00038873983
片长 0.00038471015
单场三分记录 0.00036982205
所属运动队 0.0003691792
洛杉矶湖人(1996-) 0.00036827195
应用平台 0.00034674315
场上位置 0.00034223028
球衣号码 0.00034153461
运动项目 0.00032028576
NBA总冠军：2000、2001、2002、2009、2010NBA总决赛MVP：2009、2010NBA年度MVP：2008入选NBA明星赛：1998、2000-2014NBA明星赛MVP：2002、2007、2009、2011NBA常规赛得分王：2006、2007NBA年度第一队：2002-2004、2006-2013NBA年度第二队：2000、2001NBA年度第三队：1999、2005NBA防守第一队：2000、2003-2004、2006-2011NBA防守第二队：2001、2002、2012NBA新秀第二队：1997ESPY奖NBA年度最佳球员：2008、2010NBA扣篮大赛冠军：1997美洲篮球锦标赛金牌：2007奥运会金牌：2008、2012年度洛城最佳运动员:200832次NBA单周最佳球员17次NBA单月最佳球员奈史密斯高中篮坛最佳球员：1996 0.00030244872
星座 0.00029769127
所在篮球队 0.00029646262
制片地区 0.00027983933
个人荣誉 0.00027536807
imdb编码 0.00025488535
外文名 0.0002540471
外文名 0.0002540471
出生地 0.00025349908
其它译名 0.0002471273
NBA选秀 0.00024683413
专业 0.00024650063
戒指 0.0002448292
上映时间 0.00024265054
导演 0.00023662082
个人资料 0.00023358775
应用版本 0.0002325327
英文名 0.00022935688
出品时间 0.00022408988
应用名称 0.00021227846
对白语言 0.00020925105
中文名 0.00020822727
中文名 0.00020822727
色彩 0.00020756619
主演 0.00020751475
毕业院校 0.00020733199
国籍 0.0002065865
出品公司 0.00019949542
别名 0.00018283549
别名 0.00018283549
别名 0.00018283549
主要奖项 0.00018267603
民族 0.00017409572
2019-09-20 10:41:47,080|kbqa.py[line:51]|<module>|INFO|身高 0.99359435
登录身高 0.9573191
体重 0.60461545
单节最高分 0.14882813
单场最高得分 0.034205496
登录体重 0.00237097
妻子 0.0014686399
运动状态 0.00090636883
职业 0.0005103693
性别 0.000501641
类型 0.00049792463
效力俱乐部 0.00048679704
得分后卫 0.0004729552
主要事件 0.00044495493
出生日期 0.0004285931
血型 0.00042284085
出生年月 0.0004203117
单节罚球命中 0.00041304334
单节罚球最多 0.00040850785
主要事迹 0.00040096737
主要成就 0.00040043987
职业生涯 0.0003953982
参加圣诞大战 0.00038873983
片长 0.00038471015
单场三分记录 0.00036982205
所属运动队 0.0003691792
洛杉矶湖人(1996-) 0.00036827195
应用平台 0.00034674315
场上位置 0.00034223028
球衣号码 0.00034153461
运动项目 0.00032028576
NBA总冠军：2000、2001、2002、2009、2010NBA总决赛MVP：2009、2010NBA年度MVP：2008入选NBA明星赛：1998、2000-2014NBA明星赛MVP：2002、2007、2009、2011NBA常规赛得分王：2006、2007NBA年度第一队：2002-2004、2006-2013NBA年度第二队：2000、2001NBA年度第三队：1999、2005NBA防守第一队：2000、2003-2004、2006-2011NBA防守第二队：2001、2002、2012NBA新秀第二队：1997ESPY奖NBA年度最佳球员：2008、2010NBA扣篮大赛冠军：1997美洲篮球锦标赛金牌：2007奥运会金牌：2008、2012年度洛城最佳运动员:200832次NBA单周最佳球员17次NBA单月最佳球员奈史密斯高中篮坛最佳球员：1996 0.00030244872
星座 0.00029769127
所在篮球队 0.00029646262
制片地区 0.00027983933
个人荣誉 0.00027536807
imdb编码 0.00025488535
外文名 0.0002540471
外文名 0.0002540471
出生地 0.00025349908
其它译名 0.0002471273
NBA选秀 0.00024683413
专业 0.00024650063
戒指 0.0002448292
上映时间 0.00024265054
导演 0.00023662082
个人资料 0.00023358775
应用版本 0.0002325327
英文名 0.00022935688
出品时间 0.00022408988
应用名称 0.00021227846
对白语言 0.00020925105
中文名 0.00020822727
中文名 0.00020822727
色彩 0.00020756619
主演 0.00020751475
毕业院校 0.00020733199
国籍 0.0002065865
出品公司 0.00019949542
别名 0.00018283549
别名 0.00018283549
别名 0.00018283549
主要奖项 0.00018267603
民族 0.00017409572
